<?xml version="1.0" encoding="UTF-8"?>
<testng-results ignored="0" total="1" passed="1" failed="0" skipped="0">
  <reporter-output>
  </reporter-output>
  <suite started-at="2021-07-13T15:58:15 IST" name="Default suite" finished-at="2021-07-13T15:58:26 IST" duration-ms="11322">
    <groups>
    </groups>
    <test started-at="2021-07-13T15:58:15 IST" name="Default test" finished-at="2021-07-13T15:58:26 IST" duration-ms="11322">
      <class name="tests.ICRM.proptiger.Test_Case_1">
        <test-method is-config="true" signature="setup()[pri:0, instance:tests.ICRM.proptiger.Test_Case_1@76c3e77a]" started-at="2021-07-13T15:58:15 IST" name="setup" finished-at="2021-07-13T15:58:25 IST" duration-ms="10396" status="PASS">
          <reporter-output>
          </reporter-output>
        </test-method> <!-- setup -->
        <test-method signature="enter_user_details()[pri:0, instance:tests.ICRM.proptiger.Test_Case_1@76c3e77a]" started-at="2021-07-13T15:58:25 IST" name="enter_user_details" finished-at="2021-07-13T15:58:26 IST" duration-ms="881" status="PASS">
          <reporter-output>
          </reporter-output>
        </test-method> <!-- enter_user_details -->
      </class> <!-- tests.ICRM.proptiger.Test_Case_1 -->
    </test> <!-- Default test -->
  </suite> <!-- Default suite -->
</testng-results>
